<?xml version="1.0" encoding="UTF-8"?>
<testng-results total="1" passed="1" failed="0" skipped="0">
  <reporter-output>
  </reporter-output>
  <suite started-at="2020-05-14T22:01:05Z" name="Command line suite" finished-at="2020-05-14T22:01:08Z" duration-ms="2451">
    <groups>
    </groups>
    <test started-at="2020-05-14T22:01:05Z" name="Command line test" finished-at="2020-05-14T22:01:08Z" duration-ms="2451">
      <class name="com.syscolabs.qe.tests.EmployeeTest">
        <test-method is-config="true" signature="initiate(org.testng.ITestContext)[pri:0, instance:com.syscolabs.qe.tests.EmployeeTest@612fc6eb]" started-at="2020-05-15T03:31:05Z" name="initiate" finished-at="2020-05-15T03:31:05Z" duration-ms="1" status="PASS">
          <params>
            <param index="0">
              <value>
                <![CDATA[org.testng.TestRunner@2eb917d0]]>
              </value>
            </param>
          </params>
          <reporter-output>
          </reporter-output>
        </test-method> <!-- initiate -->
        <test-method signature="testEmployees()[pri:0, instance:com.syscolabs.qe.tests.EmployeeTest@612fc6eb]" started-at="2020-05-15T03:31:05Z" name="testEmployees" description="EmployeeTest" finished-at="2020-05-15T03:31:08Z" duration-ms="2440" status="PASS">
          <reporter-output>
          </reporter-output>
        </test-method> <!-- testEmployees -->
        <test-method is-config="true" signature="init()[pri:0, instance:com.syscolabs.qe.tests.EmployeeTest@612fc6eb]" started-at="2020-05-15T03:31:05Z" name="init" finished-at="2020-05-15T03:31:05Z" duration-ms="0" status="PASS">
          <reporter-output>
          </reporter-output>
        </test-method> <!-- init -->
      </class> <!-- com.syscolabs.qe.tests.EmployeeTest -->
      <class name="qe.util.TestBase">
        <test-method is-config="true" signature="createBuild()[pri:0, instance:qe.util.TestBase@eafc191]" started-at="2020-05-15T03:31:05Z" name="createBuild" finished-at="2020-05-15T03:31:05Z" duration-ms="6" status="PASS">
          <reporter-output>
          </reporter-output>
        </test-method> <!-- createBuild -->
      </class> <!-- qe.util.TestBase -->
    </test> <!-- Command line test -->
  </suite> <!-- Command line suite -->
</testng-results>
